  VertexArrayObject.cpp
  imgui_impl_sdl_gl3.cpp
  imgui_draw.cpp
  imgui_demo.cpp
  imgui.cpp
t:\oglpack\include\imgui\imgui.cpp(10996): warning C4267: 'argument': conversion from 'size_t' to 'int', possible loss of data
t:\oglpack\include\imgui\imgui.cpp(11001): warning C4267: 'argument': conversion from 'size_t' to 'int', possible loss of data
t:\oglpack\include\imgui\imgui.cpp(11124): warning C4267: 'argument': conversion from 'size_t' to 'int', possible loss of data
t:\oglpack\include\imgui\imgui.cpp(11128): warning C4267: 'argument': conversion from 'size_t' to 'int', possible loss of data
  ShaderObject.cpp
  ProgramObject.cpp
  ObjParser_OGL3.cpp
  MyApp.cpp
  Mesh_OGL3.cpp
  main.cpp
  GLconversions.cpp
  gCamera.cpp
  Generating Code...
  02_Transparency.vcxproj -> T:\lesson10\02_Transparency\x64\Debug\02_Transparency.exe
  02_Transparency.vcxproj -> T:\lesson10\02_Transparency\x64\Debug\02_Transparency.pdb (Partial PDB)
