d:\work\git\elte-computer-graphics\lesson08\solution\01_oglbase\01_oglbase\x64\debug\vc141.pdb
d:\work\git\elte-computer-graphics\lesson08\solution\01_oglbase\01_oglbase\x64\debug\vc141.idb
d:\work\git\elte-computer-graphics\lesson08\solution\01_oglbase\01_oglbase\x64\debug\gcamera.obj
d:\work\git\elte-computer-graphics\lesson08\solution\01_oglbase\01_oglbase\x64\debug\glconversions.obj
d:\work\git\elte-computer-graphics\lesson08\solution\01_oglbase\01_oglbase\x64\debug\main.obj
d:\work\git\elte-computer-graphics\lesson08\solution\01_oglbase\01_oglbase\x64\debug\myapp.obj
d:\work\git\elte-computer-graphics\lesson08\solution\01_oglbase\01_oglbase\x64\debug\programobject.obj
d:\work\git\elte-computer-graphics\lesson08\solution\01_oglbase\01_oglbase\x64\debug\shaderobject.obj
d:\work\git\elte-computer-graphics\lesson08\solution\01_oglbase\01_oglbase\x64\debug\vertexarrayobject.obj
d:\work\git\elte-computer-graphics\submission02\25\01_oglbase\x64\debug\vc141.pdb
d:\work\git\elte-computer-graphics\submission02\25\01_oglbase\x64\debug\vc141.idb
d:\work\git\elte-computer-graphics\submission02\25\01_oglbase\x64\debug\gcamera.obj
d:\work\git\elte-computer-graphics\submission02\25\01_oglbase\x64\debug\glconversions.obj
d:\work\git\elte-computer-graphics\submission02\25\01_oglbase\x64\debug\main.obj
d:\work\git\elte-computer-graphics\submission02\25\01_oglbase\x64\debug\myapp.obj
d:\work\git\elte-computer-graphics\submission02\25\01_oglbase\x64\debug\programobject.obj
d:\work\git\elte-computer-graphics\submission02\25\01_oglbase\x64\debug\shaderobject.obj
d:\work\git\elte-computer-graphics\submission02\25\01_oglbase\x64\debug\vertexarrayobject.obj
d:\work\git\elte-computer-graphics\lesson08\solution\01_oglbase\x64\debug\01_oglbase.exe
d:\work\git\elte-computer-graphics\lesson08\solution\01_oglbase\x64\debug\01_oglbase.ilk
d:\work\git\elte-computer-graphics\lesson08\solution\01_oglbase\x64\debug\01_oglbase.pdb
d:\work\git\elte-computer-graphics\submission02\25\x64\debug\01_oglbase.exe
d:\work\git\elte-computer-graphics\submission02\25\x64\debug\01_oglbase.ilk
d:\work\git\elte-computer-graphics\submission02\25\x64\debug\01_oglbase.pdb
d:\work\git\elte-computer-graphics\submission02\25\01_oglbase\x64\debug\vc140.idb
d:\work\git\elte-computer-graphics\submission02\25\01_oglbase\x64\debug\vc140.pdb
d:\work\git\elte-computer-graphics\submission02\25\01_oglbase\x64\debug\01_oglbase.tlog\cl.command.1.tlog
d:\work\git\elte-computer-graphics\submission02\25\01_oglbase\x64\debug\01_oglbase.tlog\cl.read.1.tlog
d:\work\git\elte-computer-graphics\submission02\25\01_oglbase\x64\debug\01_oglbase.tlog\cl.write.1.tlog
d:\work\git\elte-computer-graphics\submission02\25\01_oglbase\x64\debug\01_oglbase.tlog\link.command.1.tlog
d:\work\git\elte-computer-graphics\submission02\25\01_oglbase\x64\debug\01_oglbase.tlog\link.read.1.tlog
d:\work\git\elte-computer-graphics\submission02\25\01_oglbase\x64\debug\01_oglbase.tlog\link.write.1.tlog
