e:\egyetem\tanítás\számítógépes grafika gy\10. óra\02_transparency\02_transparency\x64\debug\vc140.pdb
e:\egyetem\tanítás\számítógépes grafika gy\10. óra\02_transparency\02_transparency\x64\debug\vc140.idb
e:\egyetem\tanítás\számítógépes grafika gy\10. óra\02_transparency\02_transparency\x64\debug\gcamera.obj
e:\egyetem\tanítás\számítógépes grafika gy\10. óra\02_transparency\02_transparency\x64\debug\glconversions.obj
e:\egyetem\tanítás\számítógépes grafika gy\10. óra\02_transparency\02_transparency\x64\debug\main.obj
e:\egyetem\tanítás\számítógépes grafika gy\10. óra\02_transparency\02_transparency\x64\debug\mesh_ogl3.obj
e:\egyetem\tanítás\számítógépes grafika gy\10. óra\02_transparency\02_transparency\x64\debug\myapp.obj
e:\egyetem\tanítás\számítógépes grafika gy\10. óra\02_transparency\02_transparency\x64\debug\objparser_ogl3.obj
e:\egyetem\tanítás\számítógépes grafika gy\10. óra\02_transparency\02_transparency\x64\debug\programobject.obj
e:\egyetem\tanítás\számítógépes grafika gy\10. óra\02_transparency\02_transparency\x64\debug\shaderobject.obj
e:\egyetem\tanítás\számítógépes grafika gy\10. óra\02_transparency\02_transparency\x64\debug\imgui.obj
e:\egyetem\tanítás\számítógépes grafika gy\10. óra\02_transparency\02_transparency\x64\debug\imgui_demo.obj
e:\egyetem\tanítás\számítógépes grafika gy\10. óra\02_transparency\02_transparency\x64\debug\imgui_draw.obj
e:\egyetem\tanítás\számítógépes grafika gy\10. óra\02_transparency\02_transparency\x64\debug\imgui_impl_sdl_gl3.obj
e:\egyetem\tanítás\számítógépes grafika gy\10. óra\02_transparency\02_transparency\x64\debug\vertexarrayobject.obj
e:\egyetem\tanítás\számítógépes grafika gy\10. óra\02_transparency\x64\debug\02_transparency.ilk
e:\egyetem\tanítás\számítógépes grafika gy\10. óra\02_transparency\x64\debug\02_transparency.exe
e:\egyetem\tanítás\számítógépes grafika gy\10. óra\02_transparency\x64\debug\02_transparency.pdb
e:\egyetem\tanítás\számítógépes grafika gy\10. óra\02_transparency\02_transparency\x64\debug\02_transparency.tlog\cl.command.1.tlog
e:\egyetem\tanítás\számítógépes grafika gy\10. óra\02_transparency\02_transparency\x64\debug\02_transparency.tlog\cl.read.1.tlog
e:\egyetem\tanítás\számítógépes grafika gy\10. óra\02_transparency\02_transparency\x64\debug\02_transparency.tlog\cl.write.1.tlog
e:\egyetem\tanítás\számítógépes grafika gy\10. óra\02_transparency\02_transparency\x64\debug\02_transparency.tlog\link.command.1.tlog
e:\egyetem\tanítás\számítógépes grafika gy\10. óra\02_transparency\02_transparency\x64\debug\02_transparency.tlog\link.read.1.tlog
e:\egyetem\tanítás\számítógépes grafika gy\10. óra\02_transparency\02_transparency\x64\debug\02_transparency.tlog\link.write.1.tlog
