  VertexArrayObject.cpp
  imgui_impl_sdl_gl3.cpp
  imgui_draw.cpp
  imgui_demo.cpp
  imgui.cpp
t:\oglpack\include\imgui\imgui.cpp(10996): warning C4267: 'argument': conversion from 'size_t' to 'int', possible loss of data
t:\oglpack\include\imgui\imgui.cpp(11001): warning C4267: 'argument': conversion from 'size_t' to 'int', possible loss of data
t:\oglpack\include\imgui\imgui.cpp(11124): warning C4267: 'argument': conversion from 'size_t' to 'int', possible loss of data
t:\oglpack\include\imgui\imgui.cpp(11128): warning C4267: 'argument': conversion from 'size_t' to 'int', possible loss of data
  ShaderObject.cpp
  ProgramObject.cpp
  ObjParser_OGL3.cpp
  MyApp.cpp
d:\work\git\elte-computer-graphics\lesson11\solution\03_curves\03_curves\myapp.cpp(166): warning C4267: 'initializing': conversion from 'size_t' to 'int', possible loss of data
d:\work\git\elte-computer-graphics\lesson11\solution\03_curves\03_curves\myapp.cpp(166): warning C4267: 'initializing': conversion from 'size_t' to 'const int', possible loss of data
d:\work\git\elte-computer-graphics\lesson11\solution\03_curves\03_curves\myapp.cpp(249): warning C4244: '=': conversion from 'unsigned __int64' to 'float', possible loss of data
d:\work\git\elte-computer-graphics\lesson11\solution\03_curves\03_curves\myapp.cpp(259): warning C4244: 'initializing': conversion from 'float' to 'int', possible loss of data
d:\work\git\elte-computer-graphics\lesson11\solution\03_curves\03_curves\myapp.cpp(356): warning C4244: '=': conversion from 'double' to 'float', possible loss of data
  Mesh_OGL3.cpp
  main.cpp
  GLconversions.cpp
  gCamera.cpp
  Generating Code...
  03_Curves.vcxproj -> D:\Work\Git\elte-computer-graphics\lesson11\solution\03_Curves\x64\Debug\03_Curves.exe
